<?xml version="1.0" encoding="UTF-8"?>
<!-- Generated by org.testng.reporters.JUnitReportReporter -->
<testsuite hostname="RAMESH-PC" name="Pageobjectmodel.Loginverification" tests="1" failures="0" timestamp="20 Dec 2018 12:02:18 GMT" time="18.921" errors="0">
  <testcase name="enterdata" time="18.921" classname="Pageobjectmodel.Loginverification"/>
</testsuite> <!-- Pageobjectmodel.Loginverification -->
