<?xml version="1.0" encoding="UTF-8"?>
<!-- Generated by org.testng.reporters.JUnitReportReporter -->
<testsuite hostname="RAMESH-PC" name="com.actitime.testcases.verifyactilogin001" tests="1" failures="0" timestamp="19 Dec 2018 11:34:04 GMT" time="9.087" errors="0">
  <testcase name="verifylogin" time="9.087" classname="com.actitime.testcases.verifyactilogin001"/>
</testsuite> <!-- com.actitime.testcases.verifyactilogin001 -->
