<?xml version="1.0" encoding="UTF-8"?>
<!-- Generated by org.testng.reporters.JUnitReportReporter -->
<testsuite hostname="RAMESH-PC" name="naveentestng.logintest" tests="3" failures="0" timestamp="20 Aug 2019 03:01:19 GMT" time="35.452" errors="0">
  <testcase name="googlelogo" time="15.084" classname="naveentestng.logintest"/>
  <testcase name="actitime" time="10.894" classname="naveentestng.logintest"/>
  <testcase name="task" time="9.474" classname="naveentestng.logintest"/>
</testsuite> <!-- naveentestng.logintest -->
