<?xml version="1.0" encoding="UTF-8"?>
<!-- Generated by org.testng.reporters.JUnitReportReporter -->
<testsuite hostname="RAMESH-PC" name="Testng.Firsttestngscript" tests="3" failures="0" timestamp="19 Nov 2018 11:48:40 GMT" time="0.037" errors="0">
  <testcase name="loggin" time="0.015" classname="Testng.Firsttestngscript"/>
  <testcase name="logout" time="0.010" classname="Testng.Firsttestngscript"/>
  <testcase name="select" time="0.012" classname="Testng.Firsttestngscript"/>
</testsuite> <!-- Testng.Firsttestngscript -->
