<?xml version="1.0" encoding="UTF-8"?>
<!-- Generated by org.testng.reporters.JUnitReportReporter -->
<testsuite hostname="RAMESH-PC" name="demopack2.Testcasesample" tests="1" failures="0" timestamp="2 Sep 2018 08:39:02 GMT" time="10.837" errors="0">
  <testcase name="login" time="10.837" classname="demopack2.Testcasesample"/>
</testsuite> <!-- demopack2.Testcasesample -->
