<?xml version="1.0" encoding="UTF-8"?>
<!-- Generated by org.testng.reporters.JUnitReportReporter -->
<testsuite hostname="RAMESH-PC" name="Testng.Actitime1" tests="2" failures="0" timestamp="26 Nov 2018 14:48:37 GMT" time="23.575" errors="0">
  <testcase name="enterurl" time="14.090" classname="Testng.Actitime1"/>
  <testcase name="login" time="9.485" classname="Testng.Actitime1"/>
</testsuite> <!-- Testng.Actitime1 -->
