<?xml version="1.0" encoding="UTF-8"?>
<!-- Generated by org.testng.reporters.JUnitReportReporter -->
<testsuite hostname="RAMESH-PC" name="Testng.Loginpage" tests="1" failures="0" timestamp="28 Aug 2019 12:45:49 GMT" time="8.020" errors="0">
  <testcase name="Loginpage1" time="8.020" classname="Testng.Loginpage"/>
</testsuite> <!-- Testng.Loginpage -->
