<?xml version="1.0" encoding="UTF-8"?>
<!-- Generated by org.testng.reporters.JUnitReportReporter -->
<testsuite hostname="RAMESH-PC" name="com.actitime.testcases.verificationactitimelogin001" tests="1" failures="0" timestamp="17 Dec 2018 12:12:23 GMT" time="11.091" errors="0">
  <testcase name="verifyvalidlogin" time="11.091" classname="com.actitime.testcases.verificationactitimelogin001"/>
</testsuite> <!-- com.actitime.testcases.verificationactitimelogin001 -->
