<?xml version="1.0" encoding="UTF-8"?>
<!-- Generated by org.testng.reporters.JUnitReportReporter -->
<testsuite hostname="RAMESH-PC" name="com.actitime.testcases.Verifyusers" tests="1" failures="0" timestamp="23 Dec 2018 14:59:08 GMT" time="13.268" errors="0">
  <testcase name="verifyuser" time="13.268" classname="com.actitime.testcases.Verifyusers"/>
</testsuite> <!-- com.actitime.testcases.Verifyusers -->
