<?xml version="1.0" encoding="UTF-8"?>
<!-- Generated by org.testng.reporters.JUnitReportReporter -->
<testsuite hostname="RAMESH-PC" name="demopack2.Testng01" tests="1" failures="0" timestamp="8 Apr 2019 15:33:30 GMT" time="20.091" errors="0">
  <testcase name="login" time="20.091" classname="demopack2.Testng01"/>
</testsuite> <!-- demopack2.Testng01 -->
