<?xml version="1.0" encoding="UTF-8"?>
<!-- Generated by org.testng.reporters.JUnitReportReporter -->
<testsuite hostname="RAMESH-PC" name="Testng.Testngxml2" tests="1" failures="0" timestamp="7 Sep 2018 12:10:12 GMT" time="0.000" errors="0">
  <testcase name="displayResult" time="0.000" classname="Testng.Testngxml2"/>
</testsuite> <!-- Testng.Testngxml2 -->
