<?xml version="1.0" encoding="UTF-8"?>
<!-- Generated by org.testng.reporters.JUnitReportReporter -->
<testsuite hostname="RAMESH-PC" name="com.actitime.testcases.verifyactitimeloginnew" tests="1" failures="0" timestamp="18 Dec 2018 13:18:24 GMT" time="28.705" errors="0">
  <testcase name="checkvaliduser" time="28.705" classname="com.actitime.testcases.verifyactitimeloginnew"/>
</testsuite> <!-- com.actitime.testcases.verifyactitimeloginnew -->
