<?xml version="1.0" encoding="UTF-8"?>
<!-- Generated by org.testng.reporters.JUnitReportReporter -->
<testsuite hostname="RAMESH-PC" name="Testng.Testngxml" tests="1" failures="0" timestamp="7 Sep 2018 12:10:12 GMT" time="0.062" errors="0">
  <testcase name="displayResult" time="0.062" classname="Testng.Testngxml"/>
</testsuite> <!-- Testng.Testngxml -->
