<?xml version="1.0" encoding="UTF-8"?>
<!-- Generated by org.testng.reporters.JUnitReportReporter -->
<testsuite hostname="RAMESH-PC" name="demopack2.Testng01" tests="1" failures="0" timestamp="31 May 2019 16:20:22 GMT" time="12.211" errors="0">
  <testcase name="login" time="12.211" classname="demopack2.Testng01"/>
</testsuite> <!-- demopack2.Testng01 -->
